<?xml version="1.0" encoding="UTF-8"?>
<testsuite xmlns:xsi="http://www.w3.org/2001/XMLSchema-instance" xsi:noNamespaceSchemaLocation="https://maven.apache.org/surefire/maven-surefire-plugin/xsd/surefire-test-report-3.0.xsd" version="3.0" name="com.mj.source.AppTest" time="0.045" tests="5" errors="0" skipped="0" failures="0">
  <properties>
[...]
</properties>
  <testcase name="testSumWithNegatives" classname="com.mj.source.AppTest" time="0.007"/>
  <testcase name="testSumWithPositives" classname="com.mj.source.AppTest" time="0.0"/>
  <testcase name="testSumWithZeros" classname="com.mj.source.AppTest" time="0.0"/>
  <testcase name="testSumWithMixed" classname="com.mj.source.AppTest" time="0.0"/>
  <testcase name="testApp" classname="com.mj.source.AppTest" time="0.001"/>
</testsuite>